<?xml version="1.0" encoding="UTF-8"?>
<testsuite xmlns:xsi="http://www.w3.org/2001/XMLSchema-instance" xsi:noNamespaceSchemaLocation="https://maven.apache.org/surefire/maven-surefire-plugin/xsd/surefire-test-report.xsd" version="3.0.2" name="Golem.api.ApiApplicationTests" time="18.272" tests="1" errors="0" skipped="0" failures="0">
  <properties>
[...]
</properties>
  <testcase name="contextLoads" classname="Golem.api.ApiApplicationTests" time="1.042">
    <system-out><![CDATA[Standard Commons Logging discovery in action with spring-jcl: please remove commons-logging.jar from classpath in order to avoid potential conflicts
19:56:58.608 [main] INFO  o.s.t.c.s.AnnotationConfigContextLoaderUtils - Could not detect default configuration classes for test class [Golem.api.ApiApplicationTests]: ApiApplicationTests does not declare any static, non-private, non-final, nested classes annotated with @Configuration.
19:56:58.984 [main] INFO  o.s.b.t.c.SpringBootTestContextBootstrapper - Found @SpringBootConfiguration Golem.api.ApiApplication for test class Golem.api.ApiApplicationTests
19:56:59.622 [main] INFO  o.s.b.d.r.RestartApplicationListener - Restart disabled due to context in which it is running

  .   ____          _            __ _ _
 /\\ / ___'_ __ _ _(_)_ __  __ _ \ \ \ \
( ( )\___ | '_ | '_| | '_ \/ _` | \ \ \ \
 \\/  ___)| |_)| | | | | || (_| |  ) ) ) )
  '  |____| .__|_| |_|_| |_\__, | / / / /
 =========|_|==============|___/=/_/_/_/

 :: Spring Boot ::                (v3.4.5)

19:57:00.410 [background-preinit] INFO  o.h.validator.internal.util.Version - HV000001: Hibernate Validator 8.0.2.Final
19:57:00.545 [main] INFO  Golem.api.ApiApplicationTests - Starting ApiApplicationTests using Java 24.0.2 with PID 37808 (started by app in /opt/apps/app)
19:57:00.545 [main] DEBUG Golem.api.ApiApplicationTests - Running with Spring Boot v3.4.5, Spring v6.2.6
19:57:00.546 [main] INFO  Golem.api.ApiApplicationTests - The following 1 profile is active: "dev"
19:57:02.326 [main] INFO  o.s.d.r.c.RepositoryConfigurationDelegate - Bootstrapping Spring Data JPA repositories in DEFAULT mode.
19:57:02.443 [main] INFO  o.s.d.r.c.RepositoryConfigurationDelegate - Finished Spring Data repository scanning in 85 ms. Found 0 JPA repository interfaces.
19:57:04.265 [main] INFO  com.zaxxer.hikari.HikariDataSource - HikariPool-1 - Starting...
19:57:05.162 [main] INFO  com.zaxxer.hikari.pool.HikariPool - HikariPool-1 - Added connection com.mysql.cj.jdbc.ConnectionImpl@2a5abd3c
19:57:05.168 [main] INFO  com.zaxxer.hikari.HikariDataSource - HikariPool-1 - Start completed.
19:57:06.804 [main] INFO  liquibase.changelog - Reading resource: db/changelog/migrations/1_load_monsters.xml
19:57:06.870 [main] INFO  liquibase.changelog - Reading resource: db/changelog/migrations/2_load_npcs.xml
19:57:06.911 [main] INFO  liquibase.changelog - Reading resource: db/changelog/migrations/3_load_spells.xml
19:57:06.949 [main] INFO  liquibase.changelog - Reading resource: db/changelog/migrations/4_load_equipements.xml
19:57:06.983 [main] INFO  liquibase.changelog - Reading resource: db/changelog/migrations/5_create_characters_table.xml
19:57:07.020 [main] INFO  liquibase.changelog - Reading resource: db/changelog/migrations/data/cleaned_monsters_basic.csv
19:57:07.032 [main] WARN  liquibase.changelog - included file db/changelog/migrations/data/cleaned_monsters_basic.csv/db/changelog/migrations/data/cleaned_monsters_basic.csv is not a recognized file type
19:57:07.032 [main] INFO  liquibase.changelog - Reading resource: db/changelog/migrations/data/dnd_monsters.csv
19:57:07.041 [main] WARN  liquibase.changelog - included file db/changelog/migrations/data/dnd_monsters.csv/db/changelog/migrations/data/dnd_monsters.csv is not a recognized file type
19:57:07.042 [main] INFO  liquibase.changelog - Reading resource: db/changelog/migrations/data/dndbeyond_equips.csv
19:57:07.052 [main] WARN  liquibase.changelog - included file db/changelog/migrations/data/dndbeyond_equips.csv/db/changelog/migrations/data/dndbeyond_equips.csv is not a recognized file type
19:57:07.052 [main] INFO  liquibase.changelog - Reading resource: db/changelog/migrations/data/over_one_mil_chars.csv
19:57:07.063 [main] WARN  liquibase.changelog - included file db/changelog/migrations/data/over_one_mil_chars.csv/db/changelog/migrations/data/over_one_mil_chars.csv is not a recognized file type
19:57:07.064 [main] INFO  liquibase.changelog - Reading resource: db/changelog/migrations/data/spells.csv
19:57:07.074 [main] WARN  liquibase.changelog - included file db/changelog/migrations/data/spells.csv/db/changelog/migrations/data/spells.csv is not a recognized file type
19:57:07.645 [main] INFO  liquibase.changelog - Reading from app.DATABASECHANGELOG
19:57:07.950 [main] INFO  liquibase.ui - Database is up to date, no changesets to execute
19:57:07.954 [main] INFO  liquibase.changelog - Reading from app.DATABASECHANGELOG
19:57:07.974 [main] INFO  liquibase.util - UPDATE SUMMARY
19:57:07.974 [main] INFO  liquibase.util - Run:                          0
19:57:07.974 [main] INFO  liquibase.util - Previously run:               9
19:57:07.974 [main] INFO  liquibase.util - Filtered out:                 0
19:57:07.974 [main] INFO  liquibase.util - -------------------------------
19:57:07.974 [main] INFO  liquibase.util - Total change sets:            9
19:57:07.977 [main] INFO  liquibase.util - Update summary generated
19:57:07.979 [main] INFO  liquibase.command - Command execution complete
19:57:08.294 [main] INFO  o.h.jpa.internal.util.LogHelper - HHH000204: Processing PersistenceUnitInfo [name: default]
19:57:08.560 [main] INFO  org.hibernate.Version - HHH000412: Hibernate ORM core version 6.6.13.Final
19:57:08.726 [main] INFO  o.h.c.i.RegionFactoryInitiator - HHH000026: Second-level cache disabled
19:57:09.944 [main] INFO  o.s.o.j.p.SpringPersistenceUnitInfo - No LoadTimeWeaver setup: ignoring JPA class transformer
19:57:10.240 [main] INFO  o.hibernate.orm.connections.pooling - HHH10001005: Database info:
	Database JDBC URL [Connecting through datasource 'HikariDataSource (HikariPool-1)']
	Database driver: undefined/unknown
	Database version: 8.0.32
	Autocommit mode: undefined/unknown
	Isolation level: undefined/unknown
	Minimum pool size: undefined/unknown
	Maximum pool size: undefined/unknown
19:57:13.562 [main] INFO  o.h.e.t.j.p.i.JtaPlatformInitiator - HHH000489: No JTA platform available (set 'hibernate.transaction.jta.platform' to enable JTA platform integration)
19:57:13.574 [main] INFO  o.s.o.j.LocalContainerEntityManagerFactoryBean - Initialized JPA EntityManagerFactory for persistence unit 'default'
19:57:14.640 [pool-3-thread-1] INFO  discord4j.core.DiscordClientBuilder - Discord4J 3.2.8 (https://discord4j.com)
19:57:14.795 [main] INFO  Golem.api.ApiApplicationTests - Started ApiApplicationTests in 15.216 seconds (process running for 18.577)
]]></system-out>
    <system-err><![CDATA[Mockito is currently self-attaching to enable the inline-mock-maker. This will no longer work in future releases of the JDK. Please add Mockito as an agent to your build what is described in Mockito's documentation: https://javadoc.io/doc/org.mockito/mockito-core/latest/org/mockito/Mockito.html#0.3
WARNING: A Java agent has been loaded dynamically (/opt/apps/maven/repository/net/bytebuddy/byte-buddy-agent/1.15.11/byte-buddy-agent-1.15.11.jar)
WARNING: If a serviceability tool is in use, please run with -XX:+EnableDynamicAgentLoading to hide this warning
WARNING: If a serviceability tool is not in use, please run with -Djdk.instrument.traceUsage for more information
WARNING: Dynamic loading of agents will be disallowed by default in a future release
]]></system-err>
  </testcase>
</testsuite>