<?xml version="1.0" encoding="UTF-8"?>
<testsuite xmlns:xsi="http://www.w3.org/2001/XMLSchema-instance" xsi:noNamespaceSchemaLocation="https://maven.apache.org/surefire/maven-surefire-plugin/xsd/surefire-test-report.xsd" version="3.0.2" name="Golem.api.ApiApplicationTests" time="35.5" tests="1" errors="0" skipped="0" failures="0">
  <properties>
[...]
</properties>
  <testcase name="contextLoads" classname="Golem.api.ApiApplicationTests" time="1.969">
    <system-out><![CDATA[18:32:33.052 [main] INFO  o.s.t.c.s.AnnotationConfigContextLoaderUtils - Could not detect default configuration classes for test class [Golem.api.ApiApplicationTests]: ApiApplicationTests does not declare any static, non-private, non-final, nested classes annotated with @Configuration.
18:32:33.833 [main] INFO  o.s.b.t.c.SpringBootTestContextBootstrapper - Found @SpringBootConfiguration Golem.api.ApiApplication for test class Golem.api.ApiApplicationTests
18:32:34.900 [main] INFO  o.s.b.d.r.RestartApplicationListener - Restart disabled due to context in which it is running

  .   ____          _            __ _ _
 /\\ / ___'_ __ _ _(_)_ __  __ _ \ \ \ \
( ( )\___ | '_ | '_| | '_ \/ _` | \ \ \ \
 \\/  ___)| |_)| | | | | || (_| |  ) ) ) )
  '  |____| .__|_| |_|_| |_\__, | / / / /
 =========|_|==============|___/=/_/_/_/

 :: Spring Boot ::                (v3.4.5)

18:32:36.113 [background-preinit] INFO  o.h.validator.internal.util.Version - HV000001: Hibernate Validator 8.0.2.Final
18:32:36.628 [main] INFO  Golem.api.ApiApplicationTests - Starting ApiApplicationTests using Java 23.0.1 with PID 1525 (started by app in /opt/apps/app)
18:32:36.631 [main] INFO  Golem.api.ApiApplicationTests - No active profile set, falling back to 1 default profile: "default"
18:32:40.714 [main] INFO  o.s.d.r.c.RepositoryConfigurationDelegate - Bootstrapping Spring Data JPA repositories in DEFAULT mode.
18:32:40.806 [main] INFO  o.s.d.r.c.RepositoryConfigurationDelegate - Finished Spring Data repository scanning in 58 ms. Found 0 JPA repository interfaces.
18:32:43.259 [main] INFO  com.zaxxer.hikari.HikariDataSource - HikariPool-1 - Starting...
18:32:44.815 [main] INFO  com.zaxxer.hikari.pool.HikariPool - HikariPool-1 - Added connection com.mysql.cj.jdbc.ConnectionImpl@159ac15f
18:32:44.820 [main] INFO  com.zaxxer.hikari.HikariDataSource - HikariPool-1 - Start completed.
18:32:47.008 [main] INFO  liquibase.changelog - Reading resource: db/changelog/migrations/1_create_games_table.xml
18:32:47.105 [main] INFO  liquibase.changelog - Reading resource: db/changelog/migrations/2_create_covers_table.xml
18:32:47.198 [main] INFO  liquibase.changelog - Reading resource: db/changelog/migrations/3_create_studios_table.xml
18:32:47.240 [main] INFO  liquibase.changelog - Reading resource: db/changelog/migrations/4_create_tags_table.xml
18:32:47.650 [main] INFO  liquibase.changelog - Creating database history table with name: app.DATABASECHANGELOG
18:32:48.202 [main] INFO  liquibase.changelog - Reading from app.DATABASECHANGELOG
18:32:48.978 [main] INFO  liquibase.lockservice - Successfully acquired change log lock
18:32:48.981 [main] INFO  liquibase.command - Using deploymentId: 0703568981
18:32:48.990 [main] INFO  liquibase.changelog - Reading from app.DATABASECHANGELOG
18:32:49.217 [main] INFO  liquibase.ui - Running Changeset: db/changelog/migrations/1_create_games_table.xml::1_create_games_table::henrotaym
18:32:49.458 [main] INFO  liquibase.changelog - Table games created
18:32:49.462 [main] INFO  liquibase.changelog - ChangeSet db/changelog/migrations/1_create_games_table.xml::1_create_games_table::henrotaym ran successfully in 236ms
18:32:49.499 [main] INFO  liquibase.ui - Running Changeset: db/changelog/migrations/2_create_covers_table.xml::2_create_covers_table::henrotaym
18:32:49.591 [main] INFO  liquibase.changelog - Table covers created
18:32:49.801 [main] INFO  liquibase.changelog - Columns cover_id(BIGINT) added to games
18:32:49.990 [main] INFO  liquibase.changelog - Foreign key constraint added to games (cover_id)
18:32:49.992 [main] INFO  liquibase.changelog - ChangeSet db/changelog/migrations/2_create_covers_table.xml::2_create_covers_table::henrotaym ran successfully in 492ms
18:32:50.020 [main] INFO  liquibase.ui - Running Changeset: db/changelog/migrations/3_create_studios_table.xml::3_create_studios_table::henrotaym
18:32:50.118 [main] INFO  liquibase.changelog - Table studios created
18:32:50.177 [main] INFO  liquibase.changelog - Columns studio_id(BIGINT) added to games
18:32:50.385 [main] INFO  liquibase.changelog - Foreign key constraint added to games (studio_id)
18:32:50.387 [main] INFO  liquibase.changelog - ChangeSet db/changelog/migrations/3_create_studios_table.xml::3_create_studios_table::henrotaym ran successfully in 365ms
18:32:50.425 [main] INFO  liquibase.ui - Running Changeset: db/changelog/migrations/4_create_tags_table.xml::4_create_tags_table::henrotaym
18:32:50.547 [main] INFO  liquibase.changelog - Table tags created
18:32:50.623 [main] INFO  liquibase.changelog - Table game_tag created
18:32:50.791 [main] INFO  liquibase.changelog - Foreign key constraint added to game_tag (game_id)
18:32:50.978 [main] INFO  liquibase.changelog - Foreign key constraint added to game_tag (tag_id)
18:32:50.980 [main] INFO  liquibase.changelog - ChangeSet db/changelog/migrations/4_create_tags_table.xml::4_create_tags_table::henrotaym ran successfully in 554ms
18:32:51.030 [main] INFO  liquibase.util - UPDATE SUMMARY
18:32:51.030 [main] INFO  liquibase.util - Run:                          4
18:32:51.030 [main] INFO  liquibase.util - Previously run:               0
18:32:51.030 [main] INFO  liquibase.util - Filtered out:                 0
18:32:51.030 [main] INFO  liquibase.util - -------------------------------
18:32:51.030 [main] INFO  liquibase.util - Total change sets:            4
18:32:51.033 [main] INFO  liquibase.util - Update summary generated
18:32:51.040 [main] INFO  liquibase.command - Update command completed successfully.
18:32:51.041 [main] INFO  liquibase.ui - Liquibase: Update has been successful. Rows affected: 4
18:32:51.056 [main] INFO  liquibase.lockservice - Successfully released change log lock
18:32:51.067 [main] INFO  liquibase.command - Command execution complete
18:32:51.459 [main] INFO  o.h.jpa.internal.util.LogHelper - HHH000204: Processing PersistenceUnitInfo [name: default]
18:32:51.875 [main] INFO  org.hibernate.Version - HHH000412: Hibernate ORM core version 6.6.13.Final
18:32:52.041 [main] INFO  o.h.c.i.RegionFactoryInitiator - HHH000026: Second-level cache disabled
18:32:53.375 [main] INFO  o.s.o.j.p.SpringPersistenceUnitInfo - No LoadTimeWeaver setup: ignoring JPA class transformer
18:32:53.781 [main] INFO  o.hibernate.orm.connections.pooling - HHH10001005: Database info:
	Database JDBC URL [Connecting through datasource 'HikariDataSource (HikariPool-1)']
	Database driver: undefined/unknown
	Database version: 8.0.32
	Autocommit mode: undefined/unknown
	Isolation level: undefined/unknown
	Minimum pool size: undefined/unknown
	Maximum pool size: undefined/unknown
18:32:55.451 [main] INFO  o.h.e.t.j.p.i.JtaPlatformInitiator - HHH000489: No JTA platform available (set 'hibernate.transaction.jta.platform' to enable JTA platform integration)
18:32:55.487 [main] INFO  o.s.o.j.LocalContainerEntityManagerFactoryBean - Initialized JPA EntityManagerFactory for persistence unit 'default'
18:32:56.857 [main] INFO  discord4j.core.DiscordClientBuilder - Discord4J 3.3.0-RC1 (https://discord4j.com)
18:33:02.808 [reactor-http-epoll-3] INFO  d.gateway.DefaultGatewayClient - [G:60e3cd48, S:0] Connected to Gateway
18:33:02.814 [reactor-http-epoll-3] INFO  d.core.shard.LocalShardCoordinator - [G:60e3cd48, S:0] Shard connected
18:33:04.134 [main] INFO  Golem.api.ApiApplicationTests - Started ApiApplicationTests in 29.292 seconds (process running for 36.821)
]]></system-out>
    <system-err><![CDATA[Mockito is currently self-attaching to enable the inline-mock-maker. This will no longer work in future releases of the JDK. Please add Mockito as an agent to your build what is described in Mockito's documentation: https://javadoc.io/doc/org.mockito/mockito-core/latest/org/mockito/Mockito.html#0.3
WARNING: A Java agent has been loaded dynamically (/opt/apps/app/.m2/net/bytebuddy/byte-buddy-agent/1.15.11/byte-buddy-agent-1.15.11.jar)
WARNING: If a serviceability tool is in use, please run with -XX:+EnableDynamicAgentLoading to hide this warning
WARNING: If a serviceability tool is not in use, please run with -Djdk.instrument.traceUsage for more information
WARNING: Dynamic loading of agents will be disallowed by default in a future release
]]></system-err>
  </testcase>
</testsuite>