<?xml version="1.0" encoding="UTF-8"?>
<testsuite xmlns:xsi="http://www.w3.org/2001/XMLSchema-instance" xsi:noNamespaceSchemaLocation="https://maven.apache.org/surefire/maven-surefire-plugin/xsd/surefire-test-report.xsd" version="3.0.2" name="Golem.api.ApiApplicationTests" time="23.029" tests="1" errors="0" skipped="0" failures="0">
  <properties>
[...]
</properties>
  <testcase name="contextLoads" classname="Golem.api.ApiApplicationTests" time="2.782">
    <system-out><![CDATA[07:50:20.906 [main] INFO org.springframework.test.context.support.AnnotationConfigContextLoaderUtils -- Could not detect default configuration classes for test class [Golem.api.ApiApplicationTests]: ApiApplicationTests does not declare any static, non-private, non-final, nested classes annotated with @Configuration.
07:50:21.579 [main] INFO org.springframework.boot.test.context.SpringBootTestContextBootstrapper -- Found @SpringBootConfiguration Golem.api.ApiApplication for test class Golem.api.ApiApplicationTests
07:50:22.984 [main] INFO org.springframework.boot.devtools.restart.RestartApplicationListener -- Restart disabled due to context in which it is running

  .   ____          _            __ _ _
 /\\ / ___'_ __ _ _(_)_ __  __ _ \ \ \ \
( ( )\___ | '_ | '_| | '_ \/ _` | \ \ \ \
 \\/  ___)| |_)| | | | | || (_| |  ) ) ) )
  '  |____| .__|_| |_|_| |_\__, | / / / /
 =========|_|==============|___/=/_/_/_/

 :: Spring Boot ::                (v3.4.5)

2025-06-19T07:50:24.818Z  INFO 986 --- [api] [           main] Golem.api.ApiApplicationTests            : Starting ApiApplicationTests using Java 23.0.1 with PID 986 (started by app in /workspaces/GolemDiscordbot)
2025-06-19T07:50:24.823Z  INFO 986 --- [api] [           main] Golem.api.ApiApplicationTests            : No active profile set, falling back to 1 default profile: "default"
2025-06-19T07:50:28.367Z  INFO 986 --- [api] [           main] .s.d.r.c.RepositoryConfigurationDelegate : Bootstrapping Spring Data JPA repositories in DEFAULT mode.
2025-06-19T07:50:28.468Z  INFO 986 --- [api] [           main] .s.d.r.c.RepositoryConfigurationDelegate : Finished Spring Data repository scanning in 47 ms. Found 0 JPA repository interfaces.
2025-06-19T07:50:30.458Z  INFO 986 --- [api] [           main] com.zaxxer.hikari.HikariDataSource       : HikariPool-1 - Starting...
2025-06-19T07:50:31.537Z  INFO 986 --- [api] [           main] com.zaxxer.hikari.pool.HikariPool        : HikariPool-1 - Added connection com.mysql.cj.jdbc.ConnectionImpl@32ea16b7
2025-06-19T07:50:31.545Z  INFO 986 --- [api] [           main] com.zaxxer.hikari.HikariDataSource       : HikariPool-1 - Start completed.
2025-06-19T07:50:33.748Z  INFO 986 --- [api] [           main] liquibase.changelog                      : Reading resource: db/changelog/migrations/1_create_games_table.xml
2025-06-19T07:50:33.876Z  INFO 986 --- [api] [           main] liquibase.changelog                      : Reading resource: db/changelog/migrations/2_create_covers_table.xml
2025-06-19T07:50:33.937Z  INFO 986 --- [api] [           main] liquibase.changelog                      : Reading resource: db/changelog/migrations/3_create_studios_table.xml
2025-06-19T07:50:33.992Z  INFO 986 --- [api] [           main] liquibase.changelog                      : Reading resource: db/changelog/migrations/4_create_tags_table.xml
2025-06-19T07:50:34.799Z  INFO 986 --- [api] [           main] liquibase.changelog                      : Reading from app.DATABASECHANGELOG
2025-06-19T07:50:34.991Z  INFO 986 --- [api] [           main] liquibase.ui                             : Database is up to date, no changesets to execute
2025-06-19T07:50:34.998Z  INFO 986 --- [api] [           main] liquibase.changelog                      : Reading from app.DATABASECHANGELOG
2025-06-19T07:50:35.029Z  INFO 986 --- [api] [           main] liquibase.util                           : UPDATE SUMMARY
2025-06-19T07:50:35.030Z  INFO 986 --- [api] [           main] liquibase.util                           : Run:                          0
2025-06-19T07:50:35.030Z  INFO 986 --- [api] [           main] liquibase.util                           : Previously run:               4
2025-06-19T07:50:35.031Z  INFO 986 --- [api] [           main] liquibase.util                           : Filtered out:                 0
2025-06-19T07:50:35.032Z  INFO 986 --- [api] [           main] liquibase.util                           : -------------------------------
2025-06-19T07:50:35.032Z  INFO 986 --- [api] [           main] liquibase.util                           : Total change sets:            4
2025-06-19T07:50:35.035Z  INFO 986 --- [api] [           main] liquibase.util                           : Update summary generated
2025-06-19T07:50:35.039Z  INFO 986 --- [api] [           main] liquibase.command                        : Command execution complete
2025-06-19T07:50:35.444Z  INFO 986 --- [api] [           main] o.hibernate.jpa.internal.util.LogHelper  : HHH000204: Processing PersistenceUnitInfo [name: default]
2025-06-19T07:50:35.722Z  INFO 986 --- [api] [           main] org.hibernate.Version                    : HHH000412: Hibernate ORM core version 6.6.13.Final
2025-06-19T07:50:35.903Z  INFO 986 --- [api] [           main] o.h.c.internal.RegionFactoryInitiator    : HHH000026: Second-level cache disabled
2025-06-19T07:50:37.301Z  INFO 986 --- [api] [           main] o.s.o.j.p.SpringPersistenceUnitInfo      : No LoadTimeWeaver setup: ignoring JPA class transformer
2025-06-19T07:50:37.647Z  INFO 986 --- [api] [           main] org.hibernate.orm.connections.pooling    : HHH10001005: Database info:
	Database JDBC URL [Connecting through datasource 'HikariDataSource (HikariPool-1)']
	Database driver: undefined/unknown
	Database version: 8.0.32
	Autocommit mode: undefined/unknown
	Isolation level: undefined/unknown
	Minimum pool size: undefined/unknown
	Maximum pool size: undefined/unknown
2025-06-19T07:50:38.808Z  INFO 986 --- [api] [           main] o.h.e.t.j.p.i.JtaPlatformInitiator       : HHH000489: No JTA platform available (set 'hibernate.transaction.jta.platform' to enable JTA platform integration)
2025-06-19T07:50:38.830Z  INFO 986 --- [api] [           main] j.LocalContainerEntityManagerFactoryBean : Initialized JPA EntityManagerFactory for persistence unit 'default'
2025-06-19T07:50:40.179Z  INFO 986 --- [api] [           main] Golem.api.ApiApplicationTests            : Started ApiApplicationTests in 17.286 seconds (process running for 23.233)
]]></system-out>
    <system-err><![CDATA[Mockito is currently self-attaching to enable the inline-mock-maker. This will no longer work in future releases of the JDK. Please add Mockito as an agent to your build what is described in Mockito's documentation: https://javadoc.io/doc/org.mockito/mockito-core/latest/org/mockito/Mockito.html#0.3
WARNING: A Java agent has been loaded dynamically (/workspaces/GolemDiscordbot/.m2/net/bytebuddy/byte-buddy-agent/1.15.11/byte-buddy-agent-1.15.11.jar)
WARNING: If a serviceability tool is in use, please run with -XX:+EnableDynamicAgentLoading to hide this warning
WARNING: If a serviceability tool is not in use, please run with -Djdk.instrument.traceUsage for more information
WARNING: Dynamic loading of agents will be disallowed by default in a future release
]]></system-err>
  </testcase>
</testsuite>